<?xml version="1.0" encoding="UTF-8"?>
<!-- Generated by org.testng.reporters.JUnitXMLReporter -->
<testsuite ignored="0" hostname="lahiruh1" failures="0" tests="6" name="LogInTestALL-CH" time="110.346" errors="0" timestamp="2023-12-25T14:43:57 AST">
  <testcase classname="com.alaqahtml5.qa.loginpagetests.LogInTestAll" name="logInTestsAll" time="12.289"/>
  <testcase classname="com.alaqahtml5.qa.loginpagetests.LogInTestAll" name="logInTestsAll" time="14.692"/>
  <testcase classname="com.alaqahtml5.qa.loginpagetests.LogInTestAll" name="logInTestsAll" time="12.248"/>
  <testcase classname="com.alaqahtml5.qa.loginpagetests.LogInTestAll" name="logInTestsAll" time="11.879"/>
  <testcase classname="com.alaqahtml5.qa.loginpagetests.LogInTestAll" name="logInTestsAll" time="12.962"/>
  <testcase classname="com.alaqahtml5.qa.loginpagetests.LogInTestAll" name="logInTestsAll" time="12.407"/>
</testsuite> <!-- LogInTestALL-CH -->
