<?xml version="1.0" encoding="UTF-8"?>
<!-- Generated by org.testng.reporters.JUnitXMLReporter -->
<testsuite ignored="0" hostname="lahiruh1" failures="2" tests="2" name="PositiveTest" time="52.436" errors="0" timestamp="2023-12-20T15:07:15 AST">
  <testcase classname="com.alaqahtml5.qa.loginpagetests.PositiveLogInTests" name="logInTest" time="20.409">
    <failure type="org.openqa.selenium.TimeoutException" message="Expected condition failed: waiting for visibility of element located by By.id: appTitle (tried for 10 second(s) with 500 milliseconds interval)
Build info: version: &amp;apos;4.12.1&amp;apos;, revision: &amp;apos;8e34639b11&amp;apos;
System info: os.name: &amp;apos;Windows 11&amp;apos;, os.arch: &amp;apos;amd64&amp;apos;, os.version: &amp;apos;10.0&amp;apos;, java.version: &amp;apos;18.0.1.1&amp;apos;
Driver info: org.openqa.selenium.firefox.FirefoxDriver
Capabilities {acceptInsecureCerts: true, browserName: firefox, browserVersion: 120.0.1, moz:accessibilityChecks: false, moz:buildID: 20231129155202, moz:debuggerAddress: 127.0.0.1:22117, moz:geckodriverVersion: 0.33.0, moz:headless: false, moz:platformVersion: 10.0, moz:processID: 61712, moz:profile: C:\Users\lahiruh\AppData\Lo..., moz:shutdownTimeout: 60000, moz:webdriverClick: true, moz:windowless: false, pageLoadStrategy: normal, platformName: windows, proxy: Proxy(), se:cdp: ws://127.0.0.1:22117/devtoo..., se:cdpVersion: 85.0, setWindowRect: true, strictFileInteractability: false, timeouts: {implicit: 0, pageLoad: 300000, script: 30000}, unhandledPromptBehavior: dismiss and notify}
Session ID: ba4e26a5-7fdc-4b29-a9e8-6468a625be3b">
      <![CDATA[org.openqa.selenium.TimeoutException: Expected condition failed: waiting for visibility of element located by By.id: appTitle (tried for 10 second(s) with 500 milliseconds interval)
Build info: version: '4.12.1', revision: '8e34639b11'
System info: os.name: 'Windows 11', os.arch: 'amd64', os.version: '10.0', java.version: '18.0.1.1'
Driver info: org.openqa.selenium.firefox.FirefoxDriver
Capabilities {acceptInsecureCerts: true, browserName: firefox, browserVersion: 120.0.1, moz:accessibilityChecks: false, moz:buildID: 20231129155202, moz:debuggerAddress: 127.0.0.1:22117, moz:geckodriverVersion: 0.33.0, moz:headless: false, moz:platformVersion: 10.0, moz:processID: 61712, moz:profile: C:\Users\lahiruh\AppData\Lo..., moz:shutdownTimeout: 60000, moz:webdriverClick: true, moz:windowless: false, pageLoadStrategy: normal, platformName: windows, proxy: Proxy(), se:cdp: ws://127.0.0.1:22117/devtoo..., se:cdpVersion: 85.0, setWindowRect: true, strictFileInteractability: false, timeouts: {implicit: 0, pageLoad: 300000, script: 30000}, unhandledPromptBehavior: dismiss and notify}
Session ID: ba4e26a5-7fdc-4b29-a9e8-6468a625be3b
at org.openqa.selenium.support.ui.WebDriverWait.timeoutException(WebDriverWait.java:84)
at org.openqa.selenium.support.ui.FluentWait.until(FluentWait.java:230)
at com.alaqahtml5.qa.pages.BasePageObject.waitFor(BasePageObject.java:83)
at com.alaqahtml5.qa.pages.BasePageObject.waitForVisibilityOf(BasePageObject.java:94)
at com.alaqahtml5.qa.pages.LandingAreaPage.waitForDfnLogo(LandingAreaPage.java:37)
at com.alaqahtml5.qa.loginpagetests.PositiveLogInTests.logInTest(PositiveLogInTests.java:35)
at java.base/java.util.ArrayList.forEach(ArrayList.java:1511)
... Removed 25 stack frames]]>
    </failure>
  </testcase> <!-- logInTest -->
  <testcase classname="com.alaqahtml5.qa.logoutpagetests.LogOutTest" name="logOutFromHtml5" time="19.577">
    <failure type="org.openqa.selenium.TimeoutException" message="Expected condition failed: waiting for visibility of element located by By.id: appTitle (tried for 10 second(s) with 500 milliseconds interval)
Build info: version: &amp;apos;4.12.1&amp;apos;, revision: &amp;apos;8e34639b11&amp;apos;
System info: os.name: &amp;apos;Windows 11&amp;apos;, os.arch: &amp;apos;amd64&amp;apos;, os.version: &amp;apos;10.0&amp;apos;, java.version: &amp;apos;18.0.1.1&amp;apos;
Driver info: org.openqa.selenium.firefox.FirefoxDriver
Capabilities {acceptInsecureCerts: true, browserName: firefox, browserVersion: 120.0.1, moz:accessibilityChecks: false, moz:buildID: 20231129155202, moz:debuggerAddress: 127.0.0.1:26760, moz:geckodriverVersion: 0.33.0, moz:headless: false, moz:platformVersion: 10.0, moz:processID: 46164, moz:profile: C:\Users\lahiruh\AppData\Lo..., moz:shutdownTimeout: 60000, moz:webdriverClick: true, moz:windowless: false, pageLoadStrategy: normal, platformName: windows, proxy: Proxy(), se:cdp: ws://127.0.0.1:26760/devtoo..., se:cdpVersion: 85.0, setWindowRect: true, strictFileInteractability: false, timeouts: {implicit: 0, pageLoad: 300000, script: 30000}, unhandledPromptBehavior: dismiss and notify}
Session ID: a186ef9f-019b-46ca-92e3-8b692f9767bf">
      <![CDATA[org.openqa.selenium.TimeoutException: Expected condition failed: waiting for visibility of element located by By.id: appTitle (tried for 10 second(s) with 500 milliseconds interval)
Build info: version: '4.12.1', revision: '8e34639b11'
System info: os.name: 'Windows 11', os.arch: 'amd64', os.version: '10.0', java.version: '18.0.1.1'
Driver info: org.openqa.selenium.firefox.FirefoxDriver
Capabilities {acceptInsecureCerts: true, browserName: firefox, browserVersion: 120.0.1, moz:accessibilityChecks: false, moz:buildID: 20231129155202, moz:debuggerAddress: 127.0.0.1:26760, moz:geckodriverVersion: 0.33.0, moz:headless: false, moz:platformVersion: 10.0, moz:processID: 46164, moz:profile: C:\Users\lahiruh\AppData\Lo..., moz:shutdownTimeout: 60000, moz:webdriverClick: true, moz:windowless: false, pageLoadStrategy: normal, platformName: windows, proxy: Proxy(), se:cdp: ws://127.0.0.1:26760/devtoo..., se:cdpVersion: 85.0, setWindowRect: true, strictFileInteractability: false, timeouts: {implicit: 0, pageLoad: 300000, script: 30000}, unhandledPromptBehavior: dismiss and notify}
Session ID: a186ef9f-019b-46ca-92e3-8b692f9767bf
at org.openqa.selenium.support.ui.WebDriverWait.timeoutException(WebDriverWait.java:84)
at org.openqa.selenium.support.ui.FluentWait.until(FluentWait.java:230)
at com.alaqahtml5.qa.pages.BasePageObject.waitFor(BasePageObject.java:83)
at com.alaqahtml5.qa.pages.BasePageObject.waitForVisibilityOf(BasePageObject.java:94)
at com.alaqahtml5.qa.pages.LandingAreaPage.waitForDfnLogo(LandingAreaPage.java:37)
at com.alaqahtml5.qa.logoutpagetests.LogOutTest.logOutFromHtml5(LogOutTest.java:34)
at java.base/java.util.ArrayList.forEach(ArrayList.java:1511)
... Removed 25 stack frames]]>
    </failure>
  </testcase> <!-- logOutFromHtml5 -->
</testsuite> <!-- PositiveTest -->
