<?xml version="1.0" encoding="UTF-8"?>
<testng-results ignored="0" total="1" passed="1" failed="0" skipped="0">
  <reporter-output>
  </reporter-output>
  <suite started-at="2024-01-18T12:04:56 IST" name="Default suite" finished-at="2024-01-18T12:05:46 IST" duration-ms="49691">
    <groups>
    </groups>
    <test started-at="2024-01-18T12:04:56 IST" name="Default test" finished-at="2024-01-18T12:05:46 IST" duration-ms="49691">
      <class name="com.alaqahtml5.qa.onlineaccountoperning.NeoRegularOLAOPathTest">
        <test-method is-config="true" signature="setUp(java.lang.String,org.testng.ITestContext)[pri:0, instance:com.alaqahtml5.qa.onlineaccountoperning.NeoRegularOLAOPathTest@564fabc8]" started-at="2024-01-18T12:04:56 IST" name="setUp" finished-at="2024-01-18T12:05:02 IST" duration-ms="5685" status="PASS">
          <params>
            <param index="0">
              <value>
                <![CDATA[chrome]]>
              </value>
            </param>
            <param index="1">
              <value>
                <![CDATA[org.testng.TestRunner@299b9851]]>
              </value>
            </param>
          </params>
          <reporter-output>
          </reporter-output>
        </test-method> <!-- setUp -->
        <test-method signature="navigateToRegulerOLAO()[pri:1, instance:com.alaqahtml5.qa.onlineaccountoperning.NeoRegularOLAOPathTest@564fabc8]" started-at="2024-01-18T12:05:02 IST" name="navigateToRegulerOLAO" finished-at="2024-01-18T12:05:46 IST" duration-ms="43950" status="PASS">
          <reporter-output>
          </reporter-output>
        </test-method> <!-- navigateToRegulerOLAO -->
      </class> <!-- com.alaqahtml5.qa.onlineaccountoperning.NeoRegularOLAOPathTest -->
    </test> <!-- Default test -->
  </suite> <!-- Default suite -->
</testng-results>
